0 verbose cli /usr/local/bin/node /usr/local/bin/npm
1 info using npm@10.8.2
2 info using node@v20.20.1
3 silly config load:file:/usr/local/lib/node_modules/npm/npmrc
4 silly config load:file:/data/.npmrc
5 silly config load:file:/usr/src/node-red/.npmrc
6 silly config load:file:/usr/local/etc/npmrc
7 verbose title npm install @flowfuse/nr-tables-nodes@0.2.2
8 verbose argv "install" "--no-audit" "--no-update-notifier" "--no-fund" "--save" "--save-prefix" "~" "--omit" "dev" "--engine-strict" "@flowfuse/nr-tables-nodes@0.2.2"
9 verbose logfile logs-max:10 dir:/data/.npm/_logs/2026-05-09T22_25_17_645Z-
10 verbose logfile /data/.npm/_logs/2026-05-09T22_25_17_645Z-debug-0.log
11 silly packumentCache heap:2101084160 maxSize:525271040 maxEntrySize:262635520
12 silly logfile done cleaning log files
13 silly idealTree buildDeps
14 silly fetch manifest @flowfuse/nr-tables-nodes@0.2.2
15 silly packumentCache full:https://registry.npmjs.org/@flowfuse%2fnr-tables-nodes cache-miss
16 http fetch GET 200 https://registry.npmjs.org/@flowfuse%2fnr-tables-nodes 3926ms (cache miss)
17 silly packumentCache full:https://registry.npmjs.org/@flowfuse%2fnr-tables-nodes set size:undefined disposed:false
18 silly placeDep ROOT @flowfuse/nr-tables-nodes@0.2.2 OK for: node-red-project@0.0.1 want: 0.2.2
19 silly reify moves {}
20 silly tarball no local data for @flowfuse/nr-tables-nodes@https://registry.npmjs.org/@flowfuse/nr-tables-nodes/-/nr-tables-nodes-0.2.2.tgz. Extracting by manifest.
21 http fetch GET 200 https://registry.npmjs.org/@flowfuse/nr-tables-nodes/-/nr-tables-nodes-0.2.2.tgz 454ms (cache miss)
22 silly ADD node_modules/@flowfuse/nr-tables-nodes
23 verbose cwd /data
24 verbose os Linux 6.1.0-44-amd64
25 verbose node v20.20.1
26 verbose npm  v10.8.2
27 verbose exit 0
28 info ok
