0 verbose cli /usr/local/bin/node /usr/local/bin/npm
1 info using npm@10.8.2
2 info using node@v20.20.1
3 silly config load:file:/usr/local/lib/node_modules/npm/npmrc
4 silly config load:file:/data/.npmrc
5 silly config load:file:/usr/src/node-red/.npmrc
6 silly config load:file:/usr/local/etc/npmrc
7 verbose title npm remove @flowfuse/nr-tables-nodes
8 verbose argv "remove" "--no-audit" "--no-update-notifier" "--no-fund" "--save" "@flowfuse/nr-tables-nodes"
9 verbose logfile logs-max:10 dir:/data/.npm/_logs/2026-05-09T22_26_07_922Z-
10 verbose logfile /data/.npm/_logs/2026-05-09T22_26_07_922Z-debug-0.log
11 silly packumentCache heap:2101084160 maxSize:525271040 maxEntrySize:262635520
12 silly logfile done cleaning log files
13 silly idealTree buildDeps
14 silly reify mark retired [ '/data/node_modules/@flowfuse/nr-tables-nodes' ]
15 silly reify moves {
15 silly reify   '/data/node_modules/@flowfuse/nr-tables-nodes': '/data/node_modules/@flowfuse/.nr-tables-nodes-kOSETXLu'
15 silly reify }
16 silly REMOVE node_modules/@flowfuse/nr-tables-nodes
17 verbose cwd /data
18 verbose os Linux 6.1.0-44-amd64
19 verbose node v20.20.1
20 verbose npm  v10.8.2
21 verbose exit 0
22 info ok
