0 verbose cli /usr/local/bin/node /usr/local/bin/npm
1 info using npm@10.8.2
2 info using node@v20.20.1
3 silly config load:file:/usr/local/lib/node_modules/npm/npmrc
4 silly config load:file:/data/.npmrc
5 silly config load:file:/usr/src/node-red/.npmrc
6 silly config load:file:/usr/local/etc/npmrc
7 verbose title npm install node-red-contrib-re-postgres@0.3.4
8 verbose argv "install" "--no-audit" "--no-update-notifier" "--no-fund" "--save" "--save-prefix" "~" "--omit" "dev" "--engine-strict" "node-red-contrib-re-postgres@0.3.4"
9 verbose logfile logs-max:10 dir:/data/.npm/_logs/2026-05-09T22_26_27_217Z-
10 verbose logfile /data/.npm/_logs/2026-05-09T22_26_27_217Z-debug-0.log
11 silly packumentCache heap:2101084160 maxSize:525271040 maxEntrySize:262635520
12 silly logfile done cleaning log files
13 silly idealTree buildDeps
14 silly fetch manifest node-red-contrib-re-postgres@0.3.4
15 silly packumentCache full:https://registry.npmjs.org/node-red-contrib-re-postgres cache-miss
16 http fetch GET 200 https://registry.npmjs.org/node-red-contrib-re-postgres 358ms (cache miss)
17 silly packumentCache full:https://registry.npmjs.org/node-red-contrib-re-postgres set size:undefined disposed:false
18 silly placeDep ROOT node-red-contrib-re-postgres@0.3.4 OK for: node-red-project@0.0.1 want: 0.3.4
19 silly fetch manifest node-postgres-named@^2.4.1
20 silly packumentCache full:https://registry.npmjs.org/node-postgres-named cache-miss
21 http fetch GET 200 https://registry.npmjs.org/node-postgres-named 282ms (cache miss)
22 silly packumentCache full:https://registry.npmjs.org/node-postgres-named set size:undefined disposed:false
23 silly placeDep ROOT node-postgres-named@2.4.1 OK for: node-red-contrib-re-postgres@0.3.4 want: ^2.4.1
24 silly fetch manifest lodash@^4.0.0
25 silly packumentCache full:https://registry.npmjs.org/lodash cache-miss
26 http fetch GET 200 https://registry.npmjs.org/lodash 35ms (cache miss)
27 silly packumentCache full:https://registry.npmjs.org/lodash set size:undefined disposed:false
28 silly placeDep ROOT lodash@4.18.1 OK for: node-postgres-named@2.4.1 want: ^4.0.0
29 silly reify moves {}
30 silly tarball no local data for lodash@https://registry.npmjs.org/lodash/-/lodash-4.18.1.tgz. Extracting by manifest.
31 silly tarball no local data for node-postgres-named@https://registry.npmjs.org/node-postgres-named/-/node-postgres-named-2.4.1.tgz. Extracting by manifest.
32 silly tarball no local data for node-red-contrib-re-postgres@https://registry.npmjs.org/node-red-contrib-re-postgres/-/node-red-contrib-re-postgres-0.3.4.tgz. Extracting by manifest.
33 http fetch GET 200 https://registry.npmjs.org/node-postgres-named/-/node-postgres-named-2.4.1.tgz 66ms (cache miss)
34 http fetch GET 200 https://registry.npmjs.org/node-red-contrib-re-postgres/-/node-red-contrib-re-postgres-0.3.4.tgz 228ms (cache miss)
35 http fetch GET 200 https://registry.npmjs.org/lodash/-/lodash-4.18.1.tgz 302ms (cache miss)
36 silly ADD node_modules/lodash
37 silly ADD node_modules/node-postgres-named
38 silly ADD node_modules/node-red-contrib-re-postgres
39 verbose cwd /data
40 verbose os Linux 6.1.0-44-amd64
41 verbose node v20.20.1
42 verbose npm  v10.8.2
43 verbose exit 0
44 info ok
